<html>
<head>
<title>TestNG:  Default test</title>
<link href="../testng.css" rel="stylesheet" type="text/css" />
<link href="../my-testng.css" rel="stylesheet" type="text/css" />

<style type="text/css">
.log { display: none;} 
.stack-trace { display: none;} 
</style>
<script type="text/javascript">
<!--
function flip(e) {
  current = e.style.display;
  if (current == 'block') {
    e.style.display = 'none';
    return 0;
  }
  else {
    e.style.display = 'block';
    return 1;
  }
}

function toggleBox(szDivId, elem, msg1, msg2)
{
  var res = -1;  if (document.getElementById) {
    res = flip(document.getElementById(szDivId));
  }
  else if (document.all) {
    // this is the way old msie versions work
    res = flip(document.all[szDivId]);
  }
  if(elem) {
    if(res == 0) elem.innerHTML = msg1; else elem.innerHTML = msg2;
  }

}

function toggleAllBoxes() {
  if (document.getElementsByTagName) {
    d = document.getElementsByTagName('div');
    for (i = 0; i < d.length; i++) {
      if (d[i].className == 'log') {
        flip(d[i]);
      }
    }
  }
}

// -->
</script>

</head>
<body>
<h2 align='center'>Default test</h2><table border='1' align="center">
<tr>
<td>Tests passed/Failed/Skipped:</td><td>15/3/0</td>
</tr><tr>
<td>Started on:</td><td>Sat Dec 17 00:10:00 IST 2022</td>
</tr>
<tr><td>Total time:</td><td>218 seconds (218382 ms)</td>
</tr><tr>
<td>Included groups:</td><td></td>
</tr><tr>
<td>Excluded groups:</td><td></td>
</tr>
</table><p/>
<small><i>(Hover the method name to see the test class name)</i></small><p/>
<table width='100%' border='1' class='invocation-failed'>
<tr><td colspan='4' align='center'><b>FAILED TESTS</b></td></tr>
<tr><td><b>Test method</b></td>
<td width="30%"><b>Exception</b></td>
<td width="10%"><b>Time (seconds)</b></td>
<td><b>Instance</b></td>
</tr>
<tr>
<td title='com.obsqura.ProjectWithPOM.OthersDemoTest.checkAndverifyDragAndDrop()'><b>checkAndverifyDragAndDrop</b><br>Test class: com.obsqura.ProjectWithPOM.OthersDemoTest</td>
<td><div><pre>org.openqa.selenium.TimeoutException: Expected condition failed: waiting for visibility of element located by By.xpath: //div[@id=&apos;mylist&apos;]//child::span (tried for 50 second(s) with 500 milliseconds interval)
Build info: version: &apos;4.4.0&apos;, revision: &apos;e5c75ed026a&apos;
System info: host: &apos;LAPTOP-AQ01NJB9&apos;, ip: &apos;192.168.1.100&apos;, os.name: &apos;Windows 11&apos;, os.arch: &apos;amd64&apos;, os.version: &apos;10.0&apos;, java.version: &apos;1.8.0_341&apos;
Driver info: org.openqa.selenium.chrome.ChromeDriver
Capabilities {acceptInsecureCerts: false, browserName: chrome, browserVersion: 108.0.5359.125, chrome: {chromedriverVersion: 108.0.5359.71 (1e0e3868ee06..., userDataDir: C:\Users\Aruna\AppData\Loca...}, goog:chromeOptions: {debuggerAddress: localhost:51904}, networkConnectionEnabled: false, pageLoadStrategy: normal, platformName: WINDOWS, proxy: Proxy(), se:cdp: ws://localhost:51904/devtoo..., se:cdpVersion: 108.0.5359.125, setWindowRect: true, strictFileInteractability: false, timeouts: {implicit: 0, pageLoad: 300000, script: 30000}, unhandledPromptBehavior: dismiss and notify, webauthn:extension:credBlob: true, webauthn:extension:largeBlob: true, webauthn:virtualAuthenticators: true}
Session ID: 738a26faa6be31d7cbcc1ed0a968e8c6
	at org.openqa.selenium.support.ui.WebDriverWait.timeoutException(WebDriverWait.java:87)
	at org.openqa.selenium.support.ui.FluentWait.until(FluentWait.java:231)
	at utilities.WaitUtility.waitForVisibilityOfElementLocated(WaitUtility.java:61)
	at Pages.OthersDemoPage.verifyDragAndDrop(OthersDemoPage.java:32)
	at com.obsqura.ProjectWithPOM.OthersDemoTest.checkAndverifyDragAndDrop(OthersDemoTest.java:13)
	at sun.reflect.NativeMethodAccessorImpl.invoke0(Native Method)
	at sun.reflect.NativeMethodAccessorImpl.invoke(NativeMethodAccessorImpl.java:62)
	at sun.reflect.DelegatingMethodAccessorImpl.invoke(DelegatingMethodAccessorImpl.java:43)
	at java.lang.reflect.Method.invoke(Method.java:498)
	at org.testng.internal.MethodInvocationHelper.invokeMethod(MethodInvocationHelper.java:124)
	at org.testng.internal.Invoker.invokeMethod(Invoker.java:583)
	at org.testng.internal.Invoker.invokeTestMethod(Invoker.java:719)
	at org.testng.internal.Invoker.invokeTestMethods(Invoker.java:989)
	at org.testng.internal.TestMethodWorker.invokeTestMethods(TestMethodWorker.java:125)
	at org.testng.internal.TestMethodWorker.run(TestMethodWorker.java:109)
	at org.testng.TestRunner.privateRun(TestRunner.java:648)
	at org.testng.TestRunner.run(TestRunner.java:505)
	at org.testng.SuiteRunner.runTest(SuiteRunner.java:455)
	at org.testng.SuiteRunner.runSequentially(SuiteRunner.java:450)
	at org.testng.SuiteRunner.privateRun(SuiteRunner.java:415)
	at org.testng.SuiteRunner.run(SuiteRunner.java:364)
	at org.testng.SuiteRunnerWorker.runSuite(SuiteRunnerWorker.java:52)
	at org.testng.SuiteRunnerWorker.run(SuiteRunnerWorker.java:84)
	at org.testng.TestNG.runSuitesSequentially(TestNG.java:1208)
	at org.testng.TestNG.runSuitesLocally(TestNG.java:1137)
	at org.testng.TestNG.runSuites(TestNG.java:1049)
	at org.testng.TestNG.run(TestNG.java:1017)
	at org.testng.remote.AbstractRemoteTestNG.run(AbstractRemoteTestNG.java:114)
	at org.testng.remote.RemoteTestNG.initAndRun(RemoteTestNG.java:251)
	at org.testng.remote.RemoteTestNG.main(RemoteTestNG.java:77)
</pre></div><a href='#' onClick='toggleBox("stack-trace1404669942", this, "Click to show all stack frames", "Click to hide stack frames")'>Click to show all stack frames</a>
<div class='stack-trace' id='stack-trace1404669942'><pre>org.openqa.selenium.TimeoutException: Expected condition failed: waiting for visibility of element located by By.xpath: //div[@id=&apos;mylist&apos;]//child::span (tried for 50 second(s) with 500 milliseconds interval)
Build info: version: &apos;4.4.0&apos;, revision: &apos;e5c75ed026a&apos;
System info: host: &apos;LAPTOP-AQ01NJB9&apos;, ip: &apos;192.168.1.100&apos;, os.name: &apos;Windows 11&apos;, os.arch: &apos;amd64&apos;, os.version: &apos;10.0&apos;, java.version: &apos;1.8.0_341&apos;
Driver info: org.openqa.selenium.chrome.ChromeDriver
Capabilities {acceptInsecureCerts: false, browserName: chrome, browserVersion: 108.0.5359.125, chrome: {chromedriverVersion: 108.0.5359.71 (1e0e3868ee06..., userDataDir: C:\Users\Aruna\AppData\Loca...}, goog:chromeOptions: {debuggerAddress: localhost:51904}, networkConnectionEnabled: false, pageLoadStrategy: normal, platformName: WINDOWS, proxy: Proxy(), se:cdp: ws://localhost:51904/devtoo..., se:cdpVersion: 108.0.5359.125, setWindowRect: true, strictFileInteractability: false, timeouts: {implicit: 0, pageLoad: 300000, script: 30000}, unhandledPromptBehavior: dismiss and notify, webauthn:extension:credBlob: true, webauthn:extension:largeBlob: true, webauthn:virtualAuthenticators: true}
Session ID: 738a26faa6be31d7cbcc1ed0a968e8c6
	at org.openqa.selenium.support.ui.WebDriverWait.timeoutException(WebDriverWait.java:87)
	at org.openqa.selenium.support.ui.FluentWait.until(FluentWait.java:231)
	at utilities.WaitUtility.waitForVisibilityOfElementLocated(WaitUtility.java:61)
	at Pages.OthersDemoPage.verifyDragAndDrop(OthersDemoPage.java:32)
	at com.obsqura.ProjectWithPOM.OthersDemoTest.checkAndverifyDragAndDrop(OthersDemoTest.java:13)
	at sun.reflect.NativeMethodAccessorImpl.invoke0(Native Method)
	at sun.reflect.NativeMethodAccessorImpl.invoke(NativeMethodAccessorImpl.java:62)
	at sun.reflect.DelegatingMethodAccessorImpl.invoke(DelegatingMethodAccessorImpl.java:43)
	at java.lang.reflect.Method.invoke(Method.java:498)
	at org.testng.internal.MethodInvocationHelper.invokeMethod(MethodInvocationHelper.java:124)
	at org.testng.internal.Invoker.invokeMethod(Invoker.java:583)
	at org.testng.internal.Invoker.invokeTestMethod(Invoker.java:719)
	at org.testng.internal.Invoker.invokeTestMethods(Invoker.java:989)
	at org.testng.internal.TestMethodWorker.invokeTestMethods(TestMethodWorker.java:125)
	at org.testng.internal.TestMethodWorker.run(TestMethodWorker.java:109)
	at org.testng.TestRunner.privateRun(TestRunner.java:648)
	at org.testng.TestRunner.run(TestRunner.java:505)
	at org.testng.SuiteRunner.runTest(SuiteRunner.java:455)
	at org.testng.SuiteRunner.runSequentially(SuiteRunner.java:450)
	at org.testng.SuiteRunner.privateRun(SuiteRunner.java:415)
	at org.testng.SuiteRunner.run(SuiteRunner.java:364)
	at org.testng.SuiteRunnerWorker.runSuite(SuiteRunnerWorker.java:52)
	at org.testng.SuiteRunnerWorker.run(SuiteRunnerWorker.java:84)
	at org.testng.TestNG.runSuitesSequentially(TestNG.java:1208)
	at org.testng.TestNG.runSuitesLocally(TestNG.java:1137)
	at org.testng.TestNG.runSuites(TestNG.java:1049)
	at org.testng.TestNG.run(TestNG.java:1017)
	at org.testng.remote.AbstractRemoteTestNG.run(AbstractRemoteTestNG.java:114)
	at org.testng.remote.RemoteTestNG.initAndRun(RemoteTestNG.java:251)
	at org.testng.remote.RemoteTestNG.main(RemoteTestNG.java:77)
</pre></div></td>
<td>64</td>
<td>com.obsqura.ProjectWithPOM.OthersDemoTest@6ddf90b0</td></tr>
<tr>
<td title='com.obsqura.ProjectWithPOM.SimpleFormTest.enterMessageAndVerifyTwoInputField()'><b>enterMessageAndVerifyTwoInputField</b><br>Test class: com.obsqura.ProjectWithPOM.SimpleFormTest</td>
<td><div><pre>java.lang.AssertionError: Grand Total Actual and Expeted Messages are not same
	at org.testng.Assert.fail(Assert.java:96)
	at org.testng.Assert.assertNotEquals(Assert.java:1157)
	at Pages.SimpleFormDemoPage.verifyTwoInputFields(SimpleFormDemoPage.java:65)
	at com.obsqura.ProjectWithPOM.SimpleFormTest.enterMessageAndVerifyTwoInputField(SimpleFormTest.java:18)
	at sun.reflect.NativeMethodAccessorImpl.invoke0(Native Method)
	at sun.reflect.NativeMethodAccessorImpl.invoke(NativeMethodAccessorImpl.java:62)
	at sun.reflect.DelegatingMethodAccessorImpl.invoke(DelegatingMethodAccessorImpl.java:43)
	at java.lang.reflect.Method.invoke(Method.java:498)
	at org.testng.internal.MethodInvocationHelper.invokeMethod(MethodInvocationHelper.java:124)
	at org.testng.internal.Invoker.invokeMethod(Invoker.java:583)
	at org.testng.internal.Invoker.invokeTestMethod(Invoker.java:719)
	at org.testng.internal.Invoker.invokeTestMethods(Invoker.java:989)
	at org.testng.internal.TestMethodWorker.invokeTestMethods(TestMethodWorker.java:125)
	at org.testng.internal.TestMethodWorker.run(TestMethodWorker.java:109)
	at org.testng.TestRunner.privateRun(TestRunner.java:648)
	at org.testng.TestRunner.run(TestRunner.java:505)
	at org.testng.SuiteRunner.runTest(SuiteRunner.java:455)
	at org.testng.SuiteRunner.runSequentially(SuiteRunner.java:450)
	at org.testng.SuiteRunner.privateRun(SuiteRunner.java:415)
	at org.testng.SuiteRunner.run(SuiteRunner.java:364)
	at org.testng.SuiteRunnerWorker.runSuite(SuiteRunnerWorker.java:52)
	at org.testng.SuiteRunnerWorker.run(SuiteRunnerWorker.java:84)
	at org.testng.TestNG.runSuitesSequentially(TestNG.java:1208)
	at org.testng.TestNG.runSuitesLocally(TestNG.java:1137)
	at org.testng.TestNG.runSuites(TestNG.java:1049)
	at org.testng.TestNG.run(TestNG.java:1017)
	at org.testng.remote.AbstractRemoteTestNG.run(AbstractRemoteTestNG.java:114)
	at org.testng.remote.RemoteTestNG.initAndRun(RemoteTestNG.java:251)
	at org.testng.remote.RemoteTestNG.main(RemoteTestNG.java:77)
</pre></div><a href='#' onClick='toggleBox("stack-trace980533504", this, "Click to show all stack frames", "Click to hide stack frames")'>Click to show all stack frames</a>
<div class='stack-trace' id='stack-trace980533504'><pre>java.lang.AssertionError: Grand Total Actual and Expeted Messages are not same
	at org.testng.Assert.fail(Assert.java:96)
	at org.testng.Assert.assertNotEquals(Assert.java:1157)
	at Pages.SimpleFormDemoPage.verifyTwoInputFields(SimpleFormDemoPage.java:65)
	at com.obsqura.ProjectWithPOM.SimpleFormTest.enterMessageAndVerifyTwoInputField(SimpleFormTest.java:18)
	at sun.reflect.NativeMethodAccessorImpl.invoke0(Native Method)
	at sun.reflect.NativeMethodAccessorImpl.invoke(NativeMethodAccessorImpl.java:62)
	at sun.reflect.DelegatingMethodAccessorImpl.invoke(DelegatingMethodAccessorImpl.java:43)
	at java.lang.reflect.Method.invoke(Method.java:498)
	at org.testng.internal.MethodInvocationHelper.invokeMethod(MethodInvocationHelper.java:124)
	at org.testng.internal.Invoker.invokeMethod(Invoker.java:583)
	at org.testng.internal.Invoker.invokeTestMethod(Invoker.java:719)
	at org.testng.internal.Invoker.invokeTestMethods(Invoker.java:989)
	at org.testng.internal.TestMethodWorker.invokeTestMethods(TestMethodWorker.java:125)
	at org.testng.internal.TestMethodWorker.run(TestMethodWorker.java:109)
	at org.testng.TestRunner.privateRun(TestRunner.java:648)
	at org.testng.TestRunner.run(TestRunner.java:505)
	at org.testng.SuiteRunner.runTest(SuiteRunner.java:455)
	at org.testng.SuiteRunner.runSequentially(SuiteRunner.java:450)
	at org.testng.SuiteRunner.privateRun(SuiteRunner.java:415)
	at org.testng.SuiteRunner.run(SuiteRunner.java:364)
	at org.testng.SuiteRunnerWorker.runSuite(SuiteRunnerWorker.java:52)
	at org.testng.SuiteRunnerWorker.run(SuiteRunnerWorker.java:84)
	at org.testng.TestNG.runSuitesSequentially(TestNG.java:1208)
	at org.testng.TestNG.runSuitesLocally(TestNG.java:1137)
	at org.testng.TestNG.runSuites(TestNG.java:1049)
	at org.testng.TestNG.run(TestNG.java:1017)
	at org.testng.remote.AbstractRemoteTestNG.run(AbstractRemoteTestNG.java:114)
	at org.testng.remote.RemoteTestNG.initAndRun(RemoteTestNG.java:251)
	at org.testng.remote.RemoteTestNG.main(RemoteTestNG.java:77)
</pre></div></td>
<td>0</td>
<td>com.obsqura.ProjectWithPOM.SimpleFormTest@2b2948e2</td></tr>
<tr>
<td title='com.obsqura.ProjectWithPOM.TableTest.verifyTheTableRowCount()'><b>verifyTheTableRowCount</b><br>Test class: com.obsqura.ProjectWithPOM.TableTest</td>
<td><div><pre>java.io.FileNotFoundException: C:\Users\Aruna\eclipse-workspace\ProjectWithPOMsrc\main\java\Resources\SelectPageTestData.xlsx (The system cannot find the path specified)
	at java.io.FileInputStream.open0(Native Method)
	at java.io.FileInputStream.open(FileInputStream.java:195)
	at java.io.FileInputStream.&lt;init&gt;(FileInputStream.java:138)
	at java.io.FileInputStream.&lt;init&gt;(FileInputStream.java:93)
	at utilities.ExcelUtility.getStringMultiColor(ExcelUtility.java:18)
	at Pages.TablePage.tableRowLocate(TablePage.java:24)
	at com.obsqura.ProjectWithPOM.TableTest.verifyTheTableRowCount(TableTest.java:20)
	at sun.reflect.NativeMethodAccessorImpl.invoke0(Native Method)
	at sun.reflect.NativeMethodAccessorImpl.invoke(NativeMethodAccessorImpl.java:62)
	at sun.reflect.DelegatingMethodAccessorImpl.invoke(DelegatingMethodAccessorImpl.java:43)
	at java.lang.reflect.Method.invoke(Method.java:498)
	at org.testng.internal.MethodInvocationHelper.invokeMethod(MethodInvocationHelper.java:124)
	at org.testng.internal.Invoker.invokeMethod(Invoker.java:583)
	at org.testng.internal.Invoker.invokeTestMethod(Invoker.java:719)
	at org.testng.internal.Invoker.invokeTestMethods(Invoker.java:989)
	at org.testng.internal.TestMethodWorker.invokeTestMethods(TestMethodWorker.java:125)
	at org.testng.internal.TestMethodWorker.run(TestMethodWorker.java:109)
	at org.testng.TestRunner.privateRun(TestRunner.java:648)
	at org.testng.TestRunner.run(TestRunner.java:505)
	at org.testng.SuiteRunner.runTest(SuiteRunner.java:455)
	at org.testng.SuiteRunner.runSequentially(SuiteRunner.java:450)
	at org.testng.SuiteRunner.privateRun(SuiteRunner.java:415)
	at org.testng.SuiteRunner.run(SuiteRunner.java:364)
	at org.testng.SuiteRunnerWorker.runSuite(SuiteRunnerWorker.java:52)
	at org.testng.SuiteRunnerWorker.run(SuiteRunnerWorker.java:84)
	at org.testng.TestNG.runSuitesSequentially(TestNG.java:1208)
	at org.testng.TestNG.runSuitesLocally(TestNG.java:1137)
	at org.testng.TestNG.runSuites(TestNG.java:1049)
	at org.testng.TestNG.run(TestNG.java:1017)
	at org.testng.remote.AbstractRemoteTestNG.run(AbstractRemoteTestNG.java:114)
	at org.testng.remote.RemoteTestNG.initAndRun(RemoteTestNG.java:251)
	at org.testng.remote.RemoteTestNG.main(RemoteTestNG.java:77)
</pre></div><a href='#' onClick='toggleBox("stack-trace1219797059", this, "Click to show all stack frames", "Click to hide stack frames")'>Click to show all stack frames</a>
<div class='stack-trace' id='stack-trace1219797059'><pre>java.io.FileNotFoundException: C:\Users\Aruna\eclipse-workspace\ProjectWithPOMsrc\main\java\Resources\SelectPageTestData.xlsx (The system cannot find the path specified)
	at java.io.FileInputStream.open0(Native Method)
	at java.io.FileInputStream.open(FileInputStream.java:195)
	at java.io.FileInputStream.&lt;init&gt;(FileInputStream.java:138)
	at java.io.FileInputStream.&lt;init&gt;(FileInputStream.java:93)
	at utilities.ExcelUtility.getStringMultiColor(ExcelUtility.java:18)
	at Pages.TablePage.tableRowLocate(TablePage.java:24)
	at com.obsqura.ProjectWithPOM.TableTest.verifyTheTableRowCount(TableTest.java:20)
	at sun.reflect.NativeMethodAccessorImpl.invoke0(Native Method)
	at sun.reflect.NativeMethodAccessorImpl.invoke(NativeMethodAccessorImpl.java:62)
	at sun.reflect.DelegatingMethodAccessorImpl.invoke(DelegatingMethodAccessorImpl.java:43)
	at java.lang.reflect.Method.invoke(Method.java:498)
	at org.testng.internal.MethodInvocationHelper.invokeMethod(MethodInvocationHelper.java:124)
	at org.testng.internal.Invoker.invokeMethod(Invoker.java:583)
	at org.testng.internal.Invoker.invokeTestMethod(Invoker.java:719)
	at org.testng.internal.Invoker.invokeTestMethods(Invoker.java:989)
	at org.testng.internal.TestMethodWorker.invokeTestMethods(TestMethodWorker.java:125)
	at org.testng.internal.TestMethodWorker.run(TestMethodWorker.java:109)
	at org.testng.TestRunner.privateRun(TestRunner.java:648)
	at org.testng.TestRunner.run(TestRunner.java:505)
	at org.testng.SuiteRunner.runTest(SuiteRunner.java:455)
	at org.testng.SuiteRunner.runSequentially(SuiteRunner.java:450)
	at org.testng.SuiteRunner.privateRun(SuiteRunner.java:415)
	at org.testng.SuiteRunner.run(SuiteRunner.java:364)
	at org.testng.SuiteRunnerWorker.runSuite(SuiteRunnerWorker.java:52)
	at org.testng.SuiteRunnerWorker.run(SuiteRunnerWorker.java:84)
	at org.testng.TestNG.runSuitesSequentially(TestNG.java:1208)
	at org.testng.TestNG.runSuitesLocally(TestNG.java:1137)
	at org.testng.TestNG.runSuites(TestNG.java:1049)
	at org.testng.TestNG.run(TestNG.java:1017)
	at org.testng.remote.AbstractRemoteTestNG.run(AbstractRemoteTestNG.java:114)
	at org.testng.remote.RemoteTestNG.initAndRun(RemoteTestNG.java:251)
	at org.testng.remote.RemoteTestNG.main(RemoteTestNG.java:77)
</pre></div></td>
<td>1</td>
<td>com.obsqura.ProjectWithPOM.TableTest@3b0143d3</td></tr>
</table><p>
<table width='100%' border='1' class='invocation-passed'>
<tr><td colspan='4' align='center'><b>PASSED TESTS</b></td></tr>
<tr><td><b>Test method</b></td>
<td width="30%"><b>Exception</b></td>
<td width="10%"><b>Time (seconds)</b></td>
<td><b>Instance</b></td>
</tr>
<tr>
<td title='com.obsqura.ProjectWithPOM.BrowserCommands.browserCommands()'><b>browserCommands</b><br>Test class: com.obsqura.ProjectWithPOM.BrowserCommands</td>
<td></td>
<td>0</td>
<td>com.obsqura.ProjectWithPOM.BrowserCommands@731a74c</td></tr>
<tr>
<td title='com.obsqura.ProjectWithPOM.CommonHeaderMenusTest.checkAndVerifyCommonHeaderMenus()'><b>checkAndVerifyCommonHeaderMenus</b><br>Test class: com.obsqura.ProjectWithPOM.CommonHeaderMenusTest</td>
<td></td>
<td>3</td>
<td>com.obsqura.ProjectWithPOM.CommonHeaderMenusTest@4b4523f8</td></tr>
<tr>
<td title='com.obsqura.ProjectWithPOM.SimpleFormTest.checkAndVerifyTitleAndUrl()'><b>checkAndVerifyTitleAndUrl</b><br>Test class: com.obsqura.ProjectWithPOM.SimpleFormTest</td>
<td></td>
<td>0</td>
<td>com.obsqura.ProjectWithPOM.SimpleFormTest@2b2948e2</td></tr>
<tr>
<td title='com.obsqura.ProjectWithPOM.SimpleFormTest.checkAndverifyDragAndDrop()'><b>checkAndverifyDragAndDrop</b><br>Test class: com.obsqura.ProjectWithPOM.SimpleFormTest</td>
<td></td>
<td>6</td>
<td>com.obsqura.ProjectWithPOM.SimpleFormTest@2b2948e2</td></tr>
<tr>
<td title='com.obsqura.ProjectWithPOM.OthersDemoTest.checkAndverifyMouseHover()'><b>checkAndverifyMouseHover</b><br>Test class: com.obsqura.ProjectWithPOM.OthersDemoTest</td>
<td></td>
<td>5</td>
<td>com.obsqura.ProjectWithPOM.OthersDemoTest@6ddf90b0</td></tr>
<tr>
<td title='com.obsqura.ProjectWithPOM.SimpleFormTest.enterMessageAndVerifySingleInputField()'><b>enterMessageAndVerifySingleInputField</b><br>Test class: com.obsqura.ProjectWithPOM.SimpleFormTest</td>
<td></td>
<td>0</td>
<td>com.obsqura.ProjectWithPOM.SimpleFormTest@2b2948e2</td></tr>
<tr>
<td title='com.obsqura.ProjectWithPOM.SelectInputPageTest.selectColorAndVerifySelectMultipleInputColor()'><b>selectColorAndVerifySelectMultipleInputColor</b><br>Test class: com.obsqura.ProjectWithPOM.SelectInputPageTest</td>
<td></td>
<td>0</td>
<td>com.obsqura.ProjectWithPOM.SelectInputPageTest@5a8e6209</td></tr>
<tr>
<td title='com.obsqura.ProjectWithPOM.SelectInputPageTest1.selectColorAndVerifySelectSingleInputColor()'><b>selectColorAndVerifySelectSingleInputColor</b><br>Test class: com.obsqura.ProjectWithPOM.SelectInputPageTest1</td>
<td></td>
<td>1</td>
<td>com.obsqura.ProjectWithPOM.SelectInputPageTest1@57536d79</td></tr>
<tr>
<td title='com.obsqura.ProjectWithPOM.SelectInputPageTest.selectColorAndVerifySelectSingleInputColor()'><b>selectColorAndVerifySelectSingleInputColor</b><br>Test class: com.obsqura.ProjectWithPOM.SelectInputPageTest</td>
<td></td>
<td>0</td>
<td>com.obsqura.ProjectWithPOM.SelectInputPageTest@5a8e6209</td></tr>
<tr>
<td title='com.obsqura.ProjectWithPOM.RadioButtonDemoTest.verifyRadioButtonFemaleClickedAndMessageCheck()'><b>verifyRadioButtonFemaleClickedAndMessageCheck</b><br>Test class: com.obsqura.ProjectWithPOM.RadioButtonDemoTest</td>
<td></td>
<td>0</td>
<td>com.obsqura.ProjectWithPOM.RadioButtonDemoTest@369f73a2</td></tr>
<tr>
<td title='com.obsqura.ProjectWithPOM.RadioButtonDemoTest.verifyRadioButtonMaleClickedAndMessageCheck()'><b>verifyRadioButtonMaleClickedAndMessageCheck</b><br>Test class: com.obsqura.ProjectWithPOM.RadioButtonDemoTest</td>
<td></td>
<td>0</td>
<td>com.obsqura.ProjectWithPOM.RadioButtonDemoTest@369f73a2</td></tr>
<tr>
<td title='com.obsqura.ProjectWithPOM.RadioButtonDemoTest.verifyRadioButtonsEnabledOrNot()'><b>verifyRadioButtonsEnabledOrNot</b><br>Test class: com.obsqura.ProjectWithPOM.RadioButtonDemoTest</td>
<td></td>
<td>0</td>
<td>com.obsqura.ProjectWithPOM.RadioButtonDemoTest@369f73a2</td></tr>
<tr>
<td title='com.obsqura.ProjectWithPOM.OthersDemoTest.verifyTheRowCount()'><b>verifyTheRowCount</b><br>Test class: com.obsqura.ProjectWithPOM.OthersDemoTest</td>
<td></td>
<td>4</td>
<td>com.obsqura.ProjectWithPOM.OthersDemoTest@6ddf90b0</td></tr>
<tr>
<td title='com.obsqura.ProjectWithPOM.TableTest.verifyTheTableColumnCounts()'><b>verifyTheTableColumnCounts</b><br>Test class: com.obsqura.ProjectWithPOM.TableTest</td>
<td></td>
<td>1</td>
<td>com.obsqura.ProjectWithPOM.TableTest@3b0143d3</td></tr>
<tr>
<td title='com.obsqura.ProjectWithPOM.OthersDemoTest.verifyTheTableCoumnCounts()'><b>verifyTheTableCoumnCounts</b><br>Test class: com.obsqura.ProjectWithPOM.OthersDemoTest</td>
<td></td>
<td>1</td>
<td>com.obsqura.ProjectWithPOM.OthersDemoTest@6ddf90b0</td></tr>
</table><p>
</body>
</html>