<?xml version="1.0" encoding="UTF-8"?>
<!-- Generated by org.testng.reporters.JUnitXMLReporter -->
<testsuite hostname="LAPTOP-AQ01NJB9" ignored="1" name="Default test" tests="18" failures="3" timestamp="16 Dec 2022 18:43:38 GMT" time="218.382" errors="0">
  <testcase name="checkAndVerifyTitleAndUrl" time="0.076" classname="com.obsqura.ProjectWithPOM.SimpleFormTest"/>
  <testcase name="checkAndverifyDragAndDrop" time="6.912" classname="com.obsqura.ProjectWithPOM.SimpleFormTest"/>
  <testcase name="enterMessageAndVerifySingleInputField" time="0.299" classname="com.obsqura.ProjectWithPOM.SimpleFormTest"/>
  <testcase name="enterMessageAndVerifyTwoInputField" time="0.242" classname="com.obsqura.ProjectWithPOM.SimpleFormTest">
    <failure type="java.lang.AssertionError" message="Grand Total Actual and Expeted Messages are not same">
      <![CDATA[java.lang.AssertionError: Grand Total Actual and Expeted Messages are not same
at org.testng.Assert.fail(Assert.java:96)
at org.testng.Assert.assertNotEquals(Assert.java:1157)
at Pages.SimpleFormDemoPage.verifyTwoInputFields(SimpleFormDemoPage.java:65)
at com.obsqura.ProjectWithPOM.SimpleFormTest.enterMessageAndVerifyTwoInputField(SimpleFormTest.java:18)
at sun.reflect.NativeMethodAccessorImpl.invoke0(Native Method)
at sun.reflect.NativeMethodAccessorImpl.invoke(NativeMethodAccessorImpl.java:62)
at sun.reflect.DelegatingMethodAccessorImpl.invoke(DelegatingMethodAccessorImpl.java:43)
at java.lang.reflect.Method.invoke(Method.java:498)
at org.testng.internal.MethodInvocationHelper.invokeMethod(MethodInvocationHelper.java:124)
at org.testng.internal.Invoker.invokeMethod(Invoker.java:583)
at org.testng.internal.Invoker.invokeTestMethod(Invoker.java:719)
at org.testng.internal.Invoker.invokeTestMethods(Invoker.java:989)
at org.testng.internal.TestMethodWorker.invokeTestMethods(TestMethodWorker.java:125)
at org.testng.internal.TestMethodWorker.run(TestMethodWorker.java:109)
at org.testng.TestRunner.privateRun(TestRunner.java:648)
at org.testng.TestRunner.run(TestRunner.java:505)
at org.testng.SuiteRunner.runTest(SuiteRunner.java:455)
at org.testng.SuiteRunner.runSequentially(SuiteRunner.java:450)
at org.testng.SuiteRunner.privateRun(SuiteRunner.java:415)
at org.testng.SuiteRunner.run(SuiteRunner.java:364)
at org.testng.SuiteRunnerWorker.runSuite(SuiteRunnerWorker.java:52)
at org.testng.SuiteRunnerWorker.run(SuiteRunnerWorker.java:84)
at org.testng.TestNG.runSuitesSequentially(TestNG.java:1208)
at org.testng.TestNG.runSuitesLocally(TestNG.java:1137)
at org.testng.TestNG.runSuites(TestNG.java:1049)
at org.testng.TestNG.run(TestNG.java:1017)
at org.testng.remote.AbstractRemoteTestNG.run(AbstractRemoteTestNG.java:114)
at org.testng.remote.RemoteTestNG.initAndRun(RemoteTestNG.java:251)
at org.testng.remote.RemoteTestNG.main(RemoteTestNG.java:77)
]]>
    </failure>
  </testcase> <!-- enterMessageAndVerifyTwoInputField -->
  <testcase name="checkAndverifyDragAndDrop" time="64.799" classname="com.obsqura.ProjectWithPOM.OthersDemoTest">
    <failure type="org.openqa.selenium.TimeoutException" message="Expected condition failed: waiting for visibility of element located by By.xpath: //div[@id=&amp;apos;mylist&amp;apos;]//child::span (tried for 50 second(s) with 500 milliseconds interval)
Build info: version: &amp;apos;4.4.0&amp;apos;, revision: &amp;apos;e5c75ed026a&amp;apos;
System info: host: &amp;apos;LAPTOP-AQ01NJB9&amp;apos;, ip: &amp;apos;192.168.1.100&amp;apos;, os.name: &amp;apos;Windows 11&amp;apos;, os.arch: &amp;apos;amd64&amp;apos;, os.version: &amp;apos;10.0&amp;apos;, java.version: &amp;apos;1.8.0_341&amp;apos;
Driver info: org.openqa.selenium.chrome.ChromeDriver
Capabilities {acceptInsecureCerts: false, browserName: chrome, browserVersion: 108.0.5359.125, chrome: {chromedriverVersion: 108.0.5359.71 (1e0e3868ee06..., userDataDir: C:\Users\Aruna\AppData\Loca...}, goog:chromeOptions: {debuggerAddress: localhost:51904}, networkConnectionEnabled: false, pageLoadStrategy: normal, platformName: WINDOWS, proxy: Proxy(), se:cdp: ws://localhost:51904/devtoo..., se:cdpVersion: 108.0.5359.125, setWindowRect: true, strictFileInteractability: false, timeouts: {implicit: 0, pageLoad: 300000, script: 30000}, unhandledPromptBehavior: dismiss and notify, webauthn:extension:credBlob: true, webauthn:extension:largeBlob: true, webauthn:virtualAuthenticators: true}
Session ID: 738a26faa6be31d7cbcc1ed0a968e8c6">
      <![CDATA[org.openqa.selenium.TimeoutException: Expected condition failed: waiting for visibility of element located by By.xpath: //div[@id='mylist']//child::span (tried for 50 second(s) with 500 milliseconds interval)
Build info: version: '4.4.0', revision: 'e5c75ed026a'
System info: host: 'LAPTOP-AQ01NJB9', ip: '192.168.1.100', os.name: 'Windows 11', os.arch: 'amd64', os.version: '10.0', java.version: '1.8.0_341'
Driver info: org.openqa.selenium.chrome.ChromeDriver
Capabilities {acceptInsecureCerts: false, browserName: chrome, browserVersion: 108.0.5359.125, chrome: {chromedriverVersion: 108.0.5359.71 (1e0e3868ee06..., userDataDir: C:\Users\Aruna\AppData\Loca...}, goog:chromeOptions: {debuggerAddress: localhost:51904}, networkConnectionEnabled: false, pageLoadStrategy: normal, platformName: WINDOWS, proxy: Proxy(), se:cdp: ws://localhost:51904/devtoo..., se:cdpVersion: 108.0.5359.125, setWindowRect: true, strictFileInteractability: false, timeouts: {implicit: 0, pageLoad: 300000, script: 30000}, unhandledPromptBehavior: dismiss and notify, webauthn:extension:credBlob: true, webauthn:extension:largeBlob: true, webauthn:virtualAuthenticators: true}
Session ID: 738a26faa6be31d7cbcc1ed0a968e8c6
at org.openqa.selenium.support.ui.WebDriverWait.timeoutException(WebDriverWait.java:87)
at org.openqa.selenium.support.ui.FluentWait.until(FluentWait.java:231)
at utilities.WaitUtility.waitForVisibilityOfElementLocated(WaitUtility.java:61)
at Pages.OthersDemoPage.verifyDragAndDrop(OthersDemoPage.java:32)
at com.obsqura.ProjectWithPOM.OthersDemoTest.checkAndverifyDragAndDrop(OthersDemoTest.java:13)
at sun.reflect.NativeMethodAccessorImpl.invoke0(Native Method)
at sun.reflect.NativeMethodAccessorImpl.invoke(NativeMethodAccessorImpl.java:62)
at sun.reflect.DelegatingMethodAccessorImpl.invoke(DelegatingMethodAccessorImpl.java:43)
at java.lang.reflect.Method.invoke(Method.java:498)
at org.testng.internal.MethodInvocationHelper.invokeMethod(MethodInvocationHelper.java:124)
at org.testng.internal.Invoker.invokeMethod(Invoker.java:583)
at org.testng.internal.Invoker.invokeTestMethod(Invoker.java:719)
at org.testng.internal.Invoker.invokeTestMethods(Invoker.java:989)
at org.testng.internal.TestMethodWorker.invokeTestMethods(TestMethodWorker.java:125)
at org.testng.internal.TestMethodWorker.run(TestMethodWorker.java:109)
at org.testng.TestRunner.privateRun(TestRunner.java:648)
at org.testng.TestRunner.run(TestRunner.java:505)
at org.testng.SuiteRunner.runTest(SuiteRunner.java:455)
at org.testng.SuiteRunner.runSequentially(SuiteRunner.java:450)
at org.testng.SuiteRunner.privateRun(SuiteRunner.java:415)
at org.testng.SuiteRunner.run(SuiteRunner.java:364)
at org.testng.SuiteRunnerWorker.runSuite(SuiteRunnerWorker.java:52)
at org.testng.SuiteRunnerWorker.run(SuiteRunnerWorker.java:84)
at org.testng.TestNG.runSuitesSequentially(TestNG.java:1208)
at org.testng.TestNG.runSuitesLocally(TestNG.java:1137)
at org.testng.TestNG.runSuites(TestNG.java:1049)
at org.testng.TestNG.run(TestNG.java:1017)
at org.testng.remote.AbstractRemoteTestNG.run(AbstractRemoteTestNG.java:114)
at org.testng.remote.RemoteTestNG.initAndRun(RemoteTestNG.java:251)
at org.testng.remote.RemoteTestNG.main(RemoteTestNG.java:77)
]]>
    </failure>
  </testcase> <!-- checkAndverifyDragAndDrop -->
  <testcase name="checkAndverifyMouseHover" time="5.03" classname="com.obsqura.ProjectWithPOM.OthersDemoTest"/>
  <testcase name="verifyTheRowCount" time="4.63" classname="com.obsqura.ProjectWithPOM.OthersDemoTest"/>
  <testcase name="verifyTheTableCoumnCounts" time="1.92" classname="com.obsqura.ProjectWithPOM.OthersDemoTest"/>
  <testcase name="selectColorAndVerifySelectSingleInputColor" time="1.942" classname="com.obsqura.ProjectWithPOM.SelectInputPageTest1"/>
  <testcase name="verifyTheTableColumnCounts" time="1.371" classname="com.obsqura.ProjectWithPOM.TableTest"/>
  <testcase name="verifyTheTableRowCount" time="1.155" classname="com.obsqura.ProjectWithPOM.TableTest">
    <failure type="java.io.FileNotFoundException" message="C:\Users\Aruna\eclipse-workspace\ProjectWithPOMsrc\main\java\Resources\SelectPageTestData.xlsx (The system cannot find the path specified)">
      <![CDATA[java.io.FileNotFoundException: C:\Users\Aruna\eclipse-workspace\ProjectWithPOMsrc\main\java\Resources\SelectPageTestData.xlsx (The system cannot find the path specified)
at java.io.FileInputStream.open0(Native Method)
at java.io.FileInputStream.open(FileInputStream.java:195)
at java.io.FileInputStream.<init>(FileInputStream.java:138)
at java.io.FileInputStream.<init>(FileInputStream.java:93)
at utilities.ExcelUtility.getStringMultiColor(ExcelUtility.java:18)
at Pages.TablePage.tableRowLocate(TablePage.java:24)
at com.obsqura.ProjectWithPOM.TableTest.verifyTheTableRowCount(TableTest.java:20)
at sun.reflect.NativeMethodAccessorImpl.invoke0(Native Method)
at sun.reflect.NativeMethodAccessorImpl.invoke(NativeMethodAccessorImpl.java:62)
at sun.reflect.DelegatingMethodAccessorImpl.invoke(DelegatingMethodAccessorImpl.java:43)
at java.lang.reflect.Method.invoke(Method.java:498)
at org.testng.internal.MethodInvocationHelper.invokeMethod(MethodInvocationHelper.java:124)
at org.testng.internal.Invoker.invokeMethod(Invoker.java:583)
at org.testng.internal.Invoker.invokeTestMethod(Invoker.java:719)
at org.testng.internal.Invoker.invokeTestMethods(Invoker.java:989)
at org.testng.internal.TestMethodWorker.invokeTestMethods(TestMethodWorker.java:125)
at org.testng.internal.TestMethodWorker.run(TestMethodWorker.java:109)
at org.testng.TestRunner.privateRun(TestRunner.java:648)
at org.testng.TestRunner.run(TestRunner.java:505)
at org.testng.SuiteRunner.runTest(SuiteRunner.java:455)
at org.testng.SuiteRunner.runSequentially(SuiteRunner.java:450)
at org.testng.SuiteRunner.privateRun(SuiteRunner.java:415)
at org.testng.SuiteRunner.run(SuiteRunner.java:364)
at org.testng.SuiteRunnerWorker.runSuite(SuiteRunnerWorker.java:52)
at org.testng.SuiteRunnerWorker.run(SuiteRunnerWorker.java:84)
at org.testng.TestNG.runSuitesSequentially(TestNG.java:1208)
at org.testng.TestNG.runSuitesLocally(TestNG.java:1137)
at org.testng.TestNG.runSuites(TestNG.java:1049)
at org.testng.TestNG.run(TestNG.java:1017)
at org.testng.remote.AbstractRemoteTestNG.run(AbstractRemoteTestNG.java:114)
at org.testng.remote.RemoteTestNG.initAndRun(RemoteTestNG.java:251)
at org.testng.remote.RemoteTestNG.main(RemoteTestNG.java:77)
]]>
    </failure>
  </testcase> <!-- verifyTheTableRowCount -->
  <testcase name="selectColorAndVerifySelectMultipleInputColor" time="0.892" classname="com.obsqura.ProjectWithPOM.SelectInputPageTest"/>
  <testcase name="selectColorAndVerifySelectSingleInputColor" time="0.649" classname="com.obsqura.ProjectWithPOM.SelectInputPageTest"/>
  <testcase name="checkAndVerifyCommonHeaderMenus" time="3.143" classname="com.obsqura.ProjectWithPOM.CommonHeaderMenusTest"/>
  <testcase name="browserCommands" time="0.014" classname="com.obsqura.ProjectWithPOM.BrowserCommands"/>
  <testcase name="verifyRadioButtonFemaleClickedAndMessageCheck" time="0.498" classname="com.obsqura.ProjectWithPOM.RadioButtonDemoTest"/>
  <testcase name="verifyRadioButtonMaleClickedAndMessageCheck" time="0.566" classname="com.obsqura.ProjectWithPOM.RadioButtonDemoTest"/>
  <testcase name="verifyRadioButtonsEnabledOrNot" time="0.516" classname="com.obsqura.ProjectWithPOM.RadioButtonDemoTest"/>
  <testcase name="selectColorAndVerifySelectMultipleInputColor" time="0.0" classname="com.obsqura.ProjectWithPOM.SelectInputPageTest1">
    <ignored/>
  </testcase> <!-- selectColorAndVerifySelectMultipleInputColor -->
</testsuite> <!-- Default test -->
